<?xml version="1.0" encoding="UTF-8"?>
<testng-results skipped="0" failed="0" ignored="0" total="2" passed="2">
  <reporter-output>
  </reporter-output>
  <suite name="Suite" duration-ms="64146" started-at="2023-03-12T18:50:44Z" finished-at="2023-03-12T18:51:48Z">
    <groups>
    </groups>
    <test name="Test1" duration-ms="29833" started-at="2023-03-12T18:50:44Z" finished-at="2023-03-12T18:51:14Z">
      <class name="amazonTestCases.TestCases">
        <test-method status="PASS" signature="setup(java.lang.String)[pri:0, instance:amazonTestCases.TestCases@5e3a8624]" name="setup" is-config="true" duration-ms="1744" started-at="2023-03-12T13:50:44Z" finished-at="2023-03-12T13:50:46Z">
          <params>
            <param index="0">
              <value>
                <![CDATA[chrome]]>
              </value>
            </param>
          </params>
          <reporter-output>
          </reporter-output>
        </test-method> <!-- setup -->
        <test-method status="PASS" signature="beforeEachTest()[pri:0, instance:amazonTestCases.TestCases@5e3a8624]" name="beforeEachTest" is-config="true" duration-ms="1411" started-at="2023-03-12T13:50:46Z" finished-at="2023-03-12T13:50:47Z">
          <reporter-output>
          </reporter-output>
        </test-method> <!-- beforeEachTest -->
        <test-method status="PASS" signature="Validate_Emailid_or_MobileNumber_prompt_When_Clicking_on_Buy_Now()[pri:0, instance:amazonTestCases.TestCases@5e3a8624]" name="Validate_Emailid_or_MobileNumber_prompt_When_Clicking_on_Buy_Now" duration-ms="26567" started-at="2023-03-12T13:50:47Z" finished-at="2023-03-12T13:51:14Z">
          <reporter-output>
          </reporter-output>
        </test-method> <!-- Validate_Emailid_or_MobileNumber_prompt_When_Clicking_on_Buy_Now -->
        <test-method status="PASS" signature="afterEachTest()[pri:0, instance:amazonTestCases.TestCases@5e3a8624]" name="afterEachTest" is-config="true" duration-ms="0" started-at="2023-03-12T13:51:14Z" finished-at="2023-03-12T13:51:14Z">
          <reporter-output>
          </reporter-output>
        </test-method> <!-- afterEachTest -->
        <test-method status="PASS" signature="tearDown()[pri:0, instance:amazonTestCases.TestCases@5e3a8624]" name="tearDown" is-config="true" duration-ms="95" started-at="2023-03-12T13:51:14Z" finished-at="2023-03-12T13:51:14Z">
          <reporter-output>
          </reporter-output>
        </test-method> <!-- tearDown -->
      </class> <!-- amazonTestCases.TestCases -->
    </test> <!-- Test1 -->
    <test name="Test2" duration-ms="34282" started-at="2023-03-12T18:51:14Z" finished-at="2023-03-12T18:51:48Z">
      <class name="amazonTestCases.TestCases">
        <test-method status="PASS" signature="Creation()[pri:0, instance:amazonTestCases.TestCases@6eebc39e]" name="Creation" is-config="true" duration-ms="109" started-at="2023-03-12T13:50:44Z" finished-at="2023-03-12T13:50:44Z">
          <reporter-output>
          </reporter-output>
        </test-method> <!-- Creation -->
        <test-method status="PASS" signature="setup(java.lang.String)[pri:0, instance:amazonTestCases.TestCases@6eebc39e]" name="setup" is-config="true" duration-ms="1223" started-at="2023-03-12T13:51:14Z" finished-at="2023-03-12T13:51:15Z">
          <params>
            <param index="0">
              <value>
                <![CDATA[edge]]>
              </value>
            </param>
          </params>
          <reporter-output>
          </reporter-output>
        </test-method> <!-- setup -->
        <test-method status="PASS" signature="beforeEachTest()[pri:0, instance:amazonTestCases.TestCases@6eebc39e]" name="beforeEachTest" is-config="true" duration-ms="1603" started-at="2023-03-12T13:51:15Z" finished-at="2023-03-12T13:51:17Z">
          <reporter-output>
          </reporter-output>
        </test-method> <!-- beforeEachTest -->
        <test-method status="PASS" signature="Validate_Emailid_or_MobileNumber_prompt_When_Clicking_on_Buy_Now()[pri:0, instance:amazonTestCases.TestCases@6eebc39e]" name="Validate_Emailid_or_MobileNumber_prompt_When_Clicking_on_Buy_Now" duration-ms="31319" started-at="2023-03-12T13:51:17Z" finished-at="2023-03-12T13:51:48Z">
          <reporter-output>
          </reporter-output>
        </test-method> <!-- Validate_Emailid_or_MobileNumber_prompt_When_Clicking_on_Buy_Now -->
        <test-method status="PASS" signature="afterEachTest()[pri:0, instance:amazonTestCases.TestCases@6eebc39e]" name="afterEachTest" is-config="true" duration-ms="0" started-at="2023-03-12T13:51:48Z" finished-at="2023-03-12T13:51:48Z">
          <reporter-output>
          </reporter-output>
        </test-method> <!-- afterEachTest -->
        <test-method status="PASS" signature="tearDown()[pri:0, instance:amazonTestCases.TestCases@6eebc39e]" name="tearDown" is-config="true" duration-ms="137" started-at="2023-03-12T13:51:48Z" finished-at="2023-03-12T13:51:48Z">
          <reporter-output>
          </reporter-output>
        </test-method> <!-- tearDown -->
        <test-method status="PASS" signature="Ending()[pri:0, instance:amazonTestCases.TestCases@6eebc39e]" name="Ending" is-config="true" duration-ms="843" started-at="2023-03-12T13:51:48Z" finished-at="2023-03-12T13:51:49Z">
          <reporter-output>
          </reporter-output>
        </test-method> <!-- Ending -->
      </class> <!-- amazonTestCases.TestCases -->
    </test> <!-- Test2 -->
  </suite> <!-- Suite -->
</testng-results>
